<?xml version="1.0" encoding="UTF-8"?>
<!-- Generated by org.testng.reporters.JUnitXMLReporter -->
<testsuite ignored="0" hostname="EPINHYDW02C0" failures="5" tests="17" name="Command line test" time="0.045" errors="0" timestamp="2021-06-14T16:02:08 IST">
  <testcase classname="org.example.Calculator_Tests" name="AdditionTest" time="0.003"/>
  <testcase classname="org.example.Calculator_Tests" name="CosThetaTest" time="0.001">
    <failure type="java.lang.AssertionError" message="expected [0.9092974268256817] but found [-0.4161468365471424]">
      <![CDATA[java.lang.AssertionError: expected [0.9092974268256817] but found [-0.4161468365471424]
at org.example.Calculator_Tests.CosThetaTest(Calculator_Tests.java:77)
at java.base/java.util.ArrayList.forEach(ArrayList.java:1541)
at org.example.RunTestWithListener.main(RunTestWithListener.java:11)
... Removed 28 stack frames]]>
    </failure>
  </testcase> <!-- CosThetaTest -->
  <testcase classname="org.example.Calculator_Tests" name="CotThetaTest" time="0.0">
    <failure type="java.lang.AssertionError" message="expected [0.9640275800758169] but found [-0.45765755436028577]">
      <![CDATA[java.lang.AssertionError: expected [0.9640275800758169] but found [-0.45765755436028577]
at org.example.Calculator_Tests.CotThetaTest(Calculator_Tests.java:87)
at java.base/java.util.ArrayList.forEach(ArrayList.java:1541)
at org.example.RunTestWithListener.main(RunTestWithListener.java:11)
... Removed 28 stack frames]]>
    </failure>
  </testcase> <!-- CotThetaTest -->
  <testcase classname="org.example.Calculator_Tests" name="DatProviderAdditionTest" time="0.0"/>
  <testcase classname="org.example.Calculator_Tests" name="DatProviderAdditionTest" time="0.0"/>
  <testcase classname="org.example.Calculator_Tests" name="DatProviderAdditionTest" time="0.0"/>
  <testcase classname="org.example.Calculator_Tests" name="DatProviderAdditionTest" time="0.0"/>
  <testcase classname="org.example.Calculator_Tests" name="DivideByZero" time="0.0"/>
  <testcase classname="org.example.Calculator_Tests" name="DivideTest" time="0.0"/>
  <testcase classname="org.example.Calculator_Tests" name="IsPositiveIsNegativeTest" time="0.0"/>
  <testcase classname="org.example.Calculator_Tests" name="MultiplicationTest" time="0.0"/>
  <testcase classname="org.example.Calculator_Tests" name="NegativeMultiplicationTest" time="0.0">
    <failure type="java.lang.AssertionError" message="expected [13.0] but found [13.2]">
      <![CDATA[java.lang.AssertionError: expected [13.0] but found [13.2]
at org.example.Calculator_Tests.NegativeMultiplicationTest(Calculator_Tests.java:92)
at java.base/java.util.ArrayList.forEach(ArrayList.java:1541)
at org.example.RunTestWithListener.main(RunTestWithListener.java:11)
... Removed 28 stack frames]]>
    </failure>
  </testcase> <!-- NegativeMultiplicationTest -->
  <testcase classname="org.example.Calculator_Tests" name="NegativePowerTest" time="0.0">
    <failure type="java.lang.AssertionError" message="expected [-0.008] but found [NaN]">
      <![CDATA[java.lang.AssertionError: expected [-0.008] but found [NaN]
at org.example.Calculator_Tests.NegativePowerTest(Calculator_Tests.java:97)
at java.base/java.util.ArrayList.forEach(ArrayList.java:1541)
at org.example.RunTestWithListener.main(RunTestWithListener.java:11)
... Removed 28 stack frames]]>
    </failure>
  </testcase> <!-- NegativePowerTest -->
  <testcase classname="org.example.Calculator_Tests" name="PowerFunctionTest" time="0.0"/>
  <testcase classname="org.example.Calculator_Tests" name="SinThetaTest" time="0.0"/>
  <testcase classname="org.example.Calculator_Tests" name="SubtractionTest" time="0.0"/>
  <testcase classname="org.example.Calculator_Tests" name="TanThetaTest" time="0.0">
    <failure type="java.lang.AssertionError" message="expected [1.0] but found [-2.185039863261519]">
      <![CDATA[java.lang.AssertionError: expected [1.0] but found [-2.185039863261519]
at org.example.Calculator_Tests.TanThetaTest(Calculator_Tests.java:82)
at java.base/java.util.ArrayList.forEach(ArrayList.java:1541)
at org.example.RunTestWithListener.main(RunTestWithListener.java:11)
... Removed 28 stack frames]]>
    </failure>
  </testcase> <!-- TanThetaTest -->
</testsuite> <!-- Command line test -->
