<html>
<head>
<title>TestNG:  Command line test</title>
<link href="../testng.css" rel="stylesheet" type="text/css" />
<link href="../my-testng.css" rel="stylesheet" type="text/css" />

<style type="text/css">
.log { display: none;} 
.stack-trace { display: none;} 
</style>
<script type="text/javascript">
<!--
function flip(e) {
  current = e.style.display;
  if (current == 'block') {
    e.style.display = 'none';
    return 0;
  }
  else {
    e.style.display = 'block';
    return 1;
  }
}

function toggleBox(szDivId, elem, msg1, msg2)
{
  var res = -1;  if (document.getElementById) {
    res = flip(document.getElementById(szDivId));
  }
  else if (document.all) {
    // this is the way old msie versions work
    res = flip(document.all[szDivId]);
  }
  if(elem) {
    if(res == 0) elem.innerHTML = msg1; else elem.innerHTML = msg2;
  }

}

function toggleAllBoxes() {
  if (document.getElementsByTagName) {
    d = document.getElementsByTagName('div');
    for (i = 0; i < d.length; i++) {
      if (d[i].className == 'log') {
        flip(d[i]);
      }
    }
  }
}

// -->
</script>

</head>
<body>
<h2 align='center'>Command line test</h2><table border='1' align="center">
<tr>
<td>Tests passed/Failed/Skipped:</td><td>12/5/0</td>
</tr><tr>
<td>Started on:</td><td>Mon Jun 14 16:02:07 IST 2021</td>
</tr>
<tr><td>Total time:</td><td>0 seconds (45 ms)</td>
</tr><tr>
<td>Included groups:</td><td></td>
</tr><tr>
<td>Excluded groups:</td><td></td>
</tr>
</table><p/>
<small><i>(Hover the method name to see the test class name)</i></small><p/>
<table width='100%' border='1' class='invocation-failed'>
<tr><td colspan='4' align='center'><b>FAILED TESTS</b></td></tr>
<tr><td><b>Test method</b></td>
<td width="30%"><b>Exception</b></td>
<td width="10%"><b>Time (seconds)</b></td>
<td><b>Instance</b></td>
</tr>
<tr>
<td title='org.example.Calculator_Tests.CosThetaTest()'><b>CosThetaTest</b><br>Test class: org.example.Calculator_Tests</td>
<td><div><pre>java.lang.AssertionError: expected [0.9092974268256817] but found [-0.4161468365471424]
	at org.example.Calculator_Tests.CosThetaTest(Calculator_Tests.java:77)
	at java.base/java.util.ArrayList.forEach(ArrayList.java:1541)
	at org.example.RunTestWithListener.main(RunTestWithListener.java:11)
... Removed 28 stack frames</pre></div><a href='#' onClick='toggleBox("stack-trace2035070981", this, "Click to show all stack frames", "Click to hide stack frames")'>Click to show all stack frames</a>
<div class='stack-trace' id='stack-trace2035070981'><pre>java.lang.AssertionError: expected [0.9092974268256817] but found [-0.4161468365471424]
	at org.testng.Assert.fail(Assert.java:97)
	at org.testng.Assert.failNotEquals(Assert.java:969)
	at org.testng.Assert.assertEquals(Assert.java:640)
	at org.testng.Assert.assertEquals(Assert.java:651)
	at org.example.Calculator_Tests.CosThetaTest(Calculator_Tests.java:77)
	at java.base/jdk.internal.reflect.NativeMethodAccessorImpl.invoke0(Native Method)
	at java.base/jdk.internal.reflect.NativeMethodAccessorImpl.invoke(NativeMethodAccessorImpl.java:62)
	at java.base/jdk.internal.reflect.DelegatingMethodAccessorImpl.invoke(DelegatingMethodAccessorImpl.java:43)
	at java.base/java.lang.reflect.Method.invoke(Method.java:566)
	at org.testng.internal.MethodInvocationHelper.invokeMethod(MethodInvocationHelper.java:134)
	at org.testng.internal.TestInvoker.invokeMethod(TestInvoker.java:597)
	at org.testng.internal.TestInvoker.invokeTestMethod(TestInvoker.java:173)
	at org.testng.internal.MethodRunner.runInSequence(MethodRunner.java:46)
	at org.testng.internal.TestInvoker$MethodInvocationAgent.invoke(TestInvoker.java:816)
	at org.testng.internal.TestInvoker.invokeTestMethods(TestInvoker.java:146)
	at org.testng.internal.TestMethodWorker.invokeTestMethods(TestMethodWorker.java:146)
	at org.testng.internal.TestMethodWorker.run(TestMethodWorker.java:128)
	at java.base/java.util.ArrayList.forEach(ArrayList.java:1541)
	at org.testng.TestRunner.privateRun(TestRunner.java:766)
	at org.testng.TestRunner.run(TestRunner.java:587)
	at org.testng.SuiteRunner.runTest(SuiteRunner.java:384)
	at org.testng.SuiteRunner.runSequentially(SuiteRunner.java:378)
	at org.testng.SuiteRunner.privateRun(SuiteRunner.java:337)
	at org.testng.SuiteRunner.run(SuiteRunner.java:286)
	at org.testng.SuiteRunnerWorker.runSuite(SuiteRunnerWorker.java:53)
	at org.testng.SuiteRunnerWorker.run(SuiteRunnerWorker.java:96)
	at org.testng.TestNG.runSuitesSequentially(TestNG.java:1187)
	at org.testng.TestNG.runSuitesLocally(TestNG.java:1109)
	at org.testng.TestNG.runSuites(TestNG.java:1039)
	at org.testng.TestNG.run(TestNG.java:1007)
	at org.example.RunTestWithListener.main(RunTestWithListener.java:11)
</pre></div></td>
<td>0</td>
<td>org.example.Calculator_Tests@52aa2946</td></tr>
<tr>
<td title='org.example.Calculator_Tests.CotThetaTest()'><b>CotThetaTest</b><br>Test class: org.example.Calculator_Tests</td>
<td><div><pre>java.lang.AssertionError: expected [0.9640275800758169] but found [-0.45765755436028577]
	at org.example.Calculator_Tests.CotThetaTest(Calculator_Tests.java:87)
	at java.base/java.util.ArrayList.forEach(ArrayList.java:1541)
	at org.example.RunTestWithListener.main(RunTestWithListener.java:11)
... Removed 28 stack frames</pre></div><a href='#' onClick='toggleBox("stack-trace1506809545", this, "Click to show all stack frames", "Click to hide stack frames")'>Click to show all stack frames</a>
<div class='stack-trace' id='stack-trace1506809545'><pre>java.lang.AssertionError: expected [0.9640275800758169] but found [-0.45765755436028577]
	at org.testng.Assert.fail(Assert.java:97)
	at org.testng.Assert.failNotEquals(Assert.java:969)
	at org.testng.Assert.assertEquals(Assert.java:640)
	at org.testng.Assert.assertEquals(Assert.java:651)
	at org.example.Calculator_Tests.CotThetaTest(Calculator_Tests.java:87)
	at java.base/jdk.internal.reflect.NativeMethodAccessorImpl.invoke0(Native Method)
	at java.base/jdk.internal.reflect.NativeMethodAccessorImpl.invoke(NativeMethodAccessorImpl.java:62)
	at java.base/jdk.internal.reflect.DelegatingMethodAccessorImpl.invoke(DelegatingMethodAccessorImpl.java:43)
	at java.base/java.lang.reflect.Method.invoke(Method.java:566)
	at org.testng.internal.MethodInvocationHelper.invokeMethod(MethodInvocationHelper.java:134)
	at org.testng.internal.TestInvoker.invokeMethod(TestInvoker.java:597)
	at org.testng.internal.TestInvoker.invokeTestMethod(TestInvoker.java:173)
	at org.testng.internal.MethodRunner.runInSequence(MethodRunner.java:46)
	at org.testng.internal.TestInvoker$MethodInvocationAgent.invoke(TestInvoker.java:816)
	at org.testng.internal.TestInvoker.invokeTestMethods(TestInvoker.java:146)
	at org.testng.internal.TestMethodWorker.invokeTestMethods(TestMethodWorker.java:146)
	at org.testng.internal.TestMethodWorker.run(TestMethodWorker.java:128)
	at java.base/java.util.ArrayList.forEach(ArrayList.java:1541)
	at org.testng.TestRunner.privateRun(TestRunner.java:766)
	at org.testng.TestRunner.run(TestRunner.java:587)
	at org.testng.SuiteRunner.runTest(SuiteRunner.java:384)
	at org.testng.SuiteRunner.runSequentially(SuiteRunner.java:378)
	at org.testng.SuiteRunner.privateRun(SuiteRunner.java:337)
	at org.testng.SuiteRunner.run(SuiteRunner.java:286)
	at org.testng.SuiteRunnerWorker.runSuite(SuiteRunnerWorker.java:53)
	at org.testng.SuiteRunnerWorker.run(SuiteRunnerWorker.java:96)
	at org.testng.TestNG.runSuitesSequentially(TestNG.java:1187)
	at org.testng.TestNG.runSuitesLocally(TestNG.java:1109)
	at org.testng.TestNG.runSuites(TestNG.java:1039)
	at org.testng.TestNG.run(TestNG.java:1007)
	at org.example.RunTestWithListener.main(RunTestWithListener.java:11)
</pre></div></td>
<td>0</td>
<td>org.example.Calculator_Tests@52aa2946</td></tr>
<tr>
<td title='org.example.Calculator_Tests.NegativeMultiplicationTest()'><b>NegativeMultiplicationTest</b><br>Test class: org.example.Calculator_Tests</td>
<td><div><pre>java.lang.AssertionError: expected [13.0] but found [13.2]
	at org.example.Calculator_Tests.NegativeMultiplicationTest(Calculator_Tests.java:92)
	at java.base/java.util.ArrayList.forEach(ArrayList.java:1541)
	at org.example.RunTestWithListener.main(RunTestWithListener.java:11)
... Removed 28 stack frames</pre></div><a href='#' onClick='toggleBox("stack-trace345902941", this, "Click to show all stack frames", "Click to hide stack frames")'>Click to show all stack frames</a>
<div class='stack-trace' id='stack-trace345902941'><pre>java.lang.AssertionError: expected [13.0] but found [13.2]
	at org.testng.Assert.fail(Assert.java:97)
	at org.testng.Assert.failNotEquals(Assert.java:969)
	at org.testng.Assert.assertEquals(Assert.java:640)
	at org.testng.Assert.assertEquals(Assert.java:651)
	at org.example.Calculator_Tests.NegativeMultiplicationTest(Calculator_Tests.java:92)
	at java.base/jdk.internal.reflect.NativeMethodAccessorImpl.invoke0(Native Method)
	at java.base/jdk.internal.reflect.NativeMethodAccessorImpl.invoke(NativeMethodAccessorImpl.java:62)
	at java.base/jdk.internal.reflect.DelegatingMethodAccessorImpl.invoke(DelegatingMethodAccessorImpl.java:43)
	at java.base/java.lang.reflect.Method.invoke(Method.java:566)
	at org.testng.internal.MethodInvocationHelper.invokeMethod(MethodInvocationHelper.java:134)
	at org.testng.internal.TestInvoker.invokeMethod(TestInvoker.java:597)
	at org.testng.internal.TestInvoker.invokeTestMethod(TestInvoker.java:173)
	at org.testng.internal.MethodRunner.runInSequence(MethodRunner.java:46)
	at org.testng.internal.TestInvoker$MethodInvocationAgent.invoke(TestInvoker.java:816)
	at org.testng.internal.TestInvoker.invokeTestMethods(TestInvoker.java:146)
	at org.testng.internal.TestMethodWorker.invokeTestMethods(TestMethodWorker.java:146)
	at org.testng.internal.TestMethodWorker.run(TestMethodWorker.java:128)
	at java.base/java.util.ArrayList.forEach(ArrayList.java:1541)
	at org.testng.TestRunner.privateRun(TestRunner.java:766)
	at org.testng.TestRunner.run(TestRunner.java:587)
	at org.testng.SuiteRunner.runTest(SuiteRunner.java:384)
	at org.testng.SuiteRunner.runSequentially(SuiteRunner.java:378)
	at org.testng.SuiteRunner.privateRun(SuiteRunner.java:337)
	at org.testng.SuiteRunner.run(SuiteRunner.java:286)
	at org.testng.SuiteRunnerWorker.runSuite(SuiteRunnerWorker.java:53)
	at org.testng.SuiteRunnerWorker.run(SuiteRunnerWorker.java:96)
	at org.testng.TestNG.runSuitesSequentially(TestNG.java:1187)
	at org.testng.TestNG.runSuitesLocally(TestNG.java:1109)
	at org.testng.TestNG.runSuites(TestNG.java:1039)
	at org.testng.TestNG.run(TestNG.java:1007)
	at org.example.RunTestWithListener.main(RunTestWithListener.java:11)
</pre></div></td>
<td>0</td>
<td>org.example.Calculator_Tests@52aa2946</td></tr>
<tr>
<td title='org.example.Calculator_Tests.NegativePowerTest()'><b>NegativePowerTest</b><br>Test class: org.example.Calculator_Tests</td>
<td><div><pre>java.lang.AssertionError: expected [-0.008] but found [NaN]
	at org.example.Calculator_Tests.NegativePowerTest(Calculator_Tests.java:97)
	at java.base/java.util.ArrayList.forEach(ArrayList.java:1541)
	at org.example.RunTestWithListener.main(RunTestWithListener.java:11)
... Removed 28 stack frames</pre></div><a href='#' onClick='toggleBox("stack-trace454325163", this, "Click to show all stack frames", "Click to hide stack frames")'>Click to show all stack frames</a>
<div class='stack-trace' id='stack-trace454325163'><pre>java.lang.AssertionError: expected [-0.008] but found [NaN]
	at org.testng.Assert.fail(Assert.java:97)
	at org.testng.Assert.failNotEquals(Assert.java:969)
	at org.testng.Assert.assertEquals(Assert.java:640)
	at org.testng.Assert.assertEquals(Assert.java:651)
	at org.example.Calculator_Tests.NegativePowerTest(Calculator_Tests.java:97)
	at java.base/jdk.internal.reflect.NativeMethodAccessorImpl.invoke0(Native Method)
	at java.base/jdk.internal.reflect.NativeMethodAccessorImpl.invoke(NativeMethodAccessorImpl.java:62)
	at java.base/jdk.internal.reflect.DelegatingMethodAccessorImpl.invoke(DelegatingMethodAccessorImpl.java:43)
	at java.base/java.lang.reflect.Method.invoke(Method.java:566)
	at org.testng.internal.MethodInvocationHelper.invokeMethod(MethodInvocationHelper.java:134)
	at org.testng.internal.TestInvoker.invokeMethod(TestInvoker.java:597)
	at org.testng.internal.TestInvoker.invokeTestMethod(TestInvoker.java:173)
	at org.testng.internal.MethodRunner.runInSequence(MethodRunner.java:46)
	at org.testng.internal.TestInvoker$MethodInvocationAgent.invoke(TestInvoker.java:816)
	at org.testng.internal.TestInvoker.invokeTestMethods(TestInvoker.java:146)
	at org.testng.internal.TestMethodWorker.invokeTestMethods(TestMethodWorker.java:146)
	at org.testng.internal.TestMethodWorker.run(TestMethodWorker.java:128)
	at java.base/java.util.ArrayList.forEach(ArrayList.java:1541)
	at org.testng.TestRunner.privateRun(TestRunner.java:766)
	at org.testng.TestRunner.run(TestRunner.java:587)
	at org.testng.SuiteRunner.runTest(SuiteRunner.java:384)
	at org.testng.SuiteRunner.runSequentially(SuiteRunner.java:378)
	at org.testng.SuiteRunner.privateRun(SuiteRunner.java:337)
	at org.testng.SuiteRunner.run(SuiteRunner.java:286)
	at org.testng.SuiteRunnerWorker.runSuite(SuiteRunnerWorker.java:53)
	at org.testng.SuiteRunnerWorker.run(SuiteRunnerWorker.java:96)
	at org.testng.TestNG.runSuitesSequentially(TestNG.java:1187)
	at org.testng.TestNG.runSuitesLocally(TestNG.java:1109)
	at org.testng.TestNG.runSuites(TestNG.java:1039)
	at org.testng.TestNG.run(TestNG.java:1007)
	at org.example.RunTestWithListener.main(RunTestWithListener.java:11)
</pre></div></td>
<td>0</td>
<td>org.example.Calculator_Tests@52aa2946</td></tr>
<tr>
<td title='org.example.Calculator_Tests.TanThetaTest()'><b>TanThetaTest</b><br>Test class: org.example.Calculator_Tests</td>
<td><div><pre>java.lang.AssertionError: expected [1.0] but found [-2.185039863261519]
	at org.example.Calculator_Tests.TanThetaTest(Calculator_Tests.java:82)
	at java.base/java.util.ArrayList.forEach(ArrayList.java:1541)
	at org.example.RunTestWithListener.main(RunTestWithListener.java:11)
... Removed 28 stack frames</pre></div><a href='#' onClick='toggleBox("stack-trace919112242", this, "Click to show all stack frames", "Click to hide stack frames")'>Click to show all stack frames</a>
<div class='stack-trace' id='stack-trace919112242'><pre>java.lang.AssertionError: expected [1.0] but found [-2.185039863261519]
	at org.testng.Assert.fail(Assert.java:97)
	at org.testng.Assert.failNotEquals(Assert.java:969)
	at org.testng.Assert.assertEquals(Assert.java:640)
	at org.testng.Assert.assertEquals(Assert.java:651)
	at org.example.Calculator_Tests.TanThetaTest(Calculator_Tests.java:82)
	at java.base/jdk.internal.reflect.NativeMethodAccessorImpl.invoke0(Native Method)
	at java.base/jdk.internal.reflect.NativeMethodAccessorImpl.invoke(NativeMethodAccessorImpl.java:62)
	at java.base/jdk.internal.reflect.DelegatingMethodAccessorImpl.invoke(DelegatingMethodAccessorImpl.java:43)
	at java.base/java.lang.reflect.Method.invoke(Method.java:566)
	at org.testng.internal.MethodInvocationHelper.invokeMethod(MethodInvocationHelper.java:134)
	at org.testng.internal.TestInvoker.invokeMethod(TestInvoker.java:597)
	at org.testng.internal.TestInvoker.invokeTestMethod(TestInvoker.java:173)
	at org.testng.internal.MethodRunner.runInSequence(MethodRunner.java:46)
	at org.testng.internal.TestInvoker$MethodInvocationAgent.invoke(TestInvoker.java:816)
	at org.testng.internal.TestInvoker.invokeTestMethods(TestInvoker.java:146)
	at org.testng.internal.TestMethodWorker.invokeTestMethods(TestMethodWorker.java:146)
	at org.testng.internal.TestMethodWorker.run(TestMethodWorker.java:128)
	at java.base/java.util.ArrayList.forEach(ArrayList.java:1541)
	at org.testng.TestRunner.privateRun(TestRunner.java:766)
	at org.testng.TestRunner.run(TestRunner.java:587)
	at org.testng.SuiteRunner.runTest(SuiteRunner.java:384)
	at org.testng.SuiteRunner.runSequentially(SuiteRunner.java:378)
	at org.testng.SuiteRunner.privateRun(SuiteRunner.java:337)
	at org.testng.SuiteRunner.run(SuiteRunner.java:286)
	at org.testng.SuiteRunnerWorker.runSuite(SuiteRunnerWorker.java:53)
	at org.testng.SuiteRunnerWorker.run(SuiteRunnerWorker.java:96)
	at org.testng.TestNG.runSuitesSequentially(TestNG.java:1187)
	at org.testng.TestNG.runSuitesLocally(TestNG.java:1109)
	at org.testng.TestNG.runSuites(TestNG.java:1039)
	at org.testng.TestNG.run(TestNG.java:1007)
	at org.example.RunTestWithListener.main(RunTestWithListener.java:11)
</pre></div></td>
<td>0</td>
<td>org.example.Calculator_Tests@52aa2946</td></tr>
</table><p>
<table width='100%' border='1' class='invocation-passed'>
<tr><td colspan='4' align='center'><b>PASSED TESTS</b></td></tr>
<tr><td><b>Test method</b></td>
<td width="30%"><b>Exception</b></td>
<td width="10%"><b>Time (seconds)</b></td>
<td><b>Instance</b></td>
</tr>
<tr>
<td title='org.example.Calculator_Tests.AdditionTest()'><b>AdditionTest</b><br>Test class: org.example.Calculator_Tests</td>
<td></td>
<td>0</td>
<td>org.example.Calculator_Tests@52aa2946</td></tr>
<tr>
<td title='org.example.Calculator_Tests.DatProviderAdditionTest()'><b>DatProviderAdditionTest</b><br>Test class: org.example.Calculator_Tests<br>Parameters: 5, 4, 9</td>
<td></td>
<td>0</td>
<td>org.example.Calculator_Tests@52aa2946</td></tr>
<tr>
<td title='org.example.Calculator_Tests.DatProviderAdditionTest()'><b>DatProviderAdditionTest</b><br>Test class: org.example.Calculator_Tests<br>Parameters: 1, 3, 4</td>
<td></td>
<td>0</td>
<td>org.example.Calculator_Tests@52aa2946</td></tr>
<tr>
<td title='org.example.Calculator_Tests.DatProviderAdditionTest()'><b>DatProviderAdditionTest</b><br>Test class: org.example.Calculator_Tests<br>Parameters: 9, 7, 16</td>
<td></td>
<td>0</td>
<td>org.example.Calculator_Tests@52aa2946</td></tr>
<tr>
<td title='org.example.Calculator_Tests.DatProviderAdditionTest()'><b>DatProviderAdditionTest</b><br>Test class: org.example.Calculator_Tests<br>Parameters: 1, 0, 1</td>
<td></td>
<td>0</td>
<td>org.example.Calculator_Tests@52aa2946</td></tr>
<tr>
<td title='org.example.Calculator_Tests.DivideByZero()'><b>DivideByZero</b><br>Test class: org.example.Calculator_Tests</td>
<td><div><pre>java.lang.NumberFormatException: Attempt to divide by zero
	at com.epam.tat.module4.Calculator.div(Calculator.java:34)
	at org.example.Calculator_Tests.DivideByZero(Calculator_Tests.java:47)
	at java.base/java.util.ArrayList.forEach(ArrayList.java:1541)
	at org.example.RunTestWithListener.main(RunTestWithListener.java:11)
... Removed 24 stack frames</pre></div><a href='#' onClick='toggleBox("stack-trace1175259735", this, "Click to show all stack frames", "Click to hide stack frames")'>Click to show all stack frames</a>
<div class='stack-trace' id='stack-trace1175259735'><pre>java.lang.NumberFormatException: Attempt to divide by zero
	at com.epam.tat.module4.Calculator.div(Calculator.java:34)
	at org.example.Calculator_Tests.DivideByZero(Calculator_Tests.java:47)
	at java.base/jdk.internal.reflect.NativeMethodAccessorImpl.invoke0(Native Method)
	at java.base/jdk.internal.reflect.NativeMethodAccessorImpl.invoke(NativeMethodAccessorImpl.java:62)
	at java.base/jdk.internal.reflect.DelegatingMethodAccessorImpl.invoke(DelegatingMethodAccessorImpl.java:43)
	at java.base/java.lang.reflect.Method.invoke(Method.java:566)
	at org.testng.internal.MethodInvocationHelper.invokeMethod(MethodInvocationHelper.java:134)
	at org.testng.internal.TestInvoker.invokeMethod(TestInvoker.java:597)
	at org.testng.internal.TestInvoker.invokeTestMethod(TestInvoker.java:173)
	at org.testng.internal.MethodRunner.runInSequence(MethodRunner.java:46)
	at org.testng.internal.TestInvoker$MethodInvocationAgent.invoke(TestInvoker.java:816)
	at org.testng.internal.TestInvoker.invokeTestMethods(TestInvoker.java:146)
	at org.testng.internal.TestMethodWorker.invokeTestMethods(TestMethodWorker.java:146)
	at org.testng.internal.TestMethodWorker.run(TestMethodWorker.java:128)
	at java.base/java.util.ArrayList.forEach(ArrayList.java:1541)
	at org.testng.TestRunner.privateRun(TestRunner.java:766)
	at org.testng.TestRunner.run(TestRunner.java:587)
	at org.testng.SuiteRunner.runTest(SuiteRunner.java:384)
	at org.testng.SuiteRunner.runSequentially(SuiteRunner.java:378)
	at org.testng.SuiteRunner.privateRun(SuiteRunner.java:337)
	at org.testng.SuiteRunner.run(SuiteRunner.java:286)
	at org.testng.SuiteRunnerWorker.runSuite(SuiteRunnerWorker.java:53)
	at org.testng.SuiteRunnerWorker.run(SuiteRunnerWorker.java:96)
	at org.testng.TestNG.runSuitesSequentially(TestNG.java:1187)
	at org.testng.TestNG.runSuitesLocally(TestNG.java:1109)
	at org.testng.TestNG.runSuites(TestNG.java:1039)
	at org.testng.TestNG.run(TestNG.java:1007)
	at org.example.RunTestWithListener.main(RunTestWithListener.java:11)
</pre></div></td>
<td>0</td>
<td>org.example.Calculator_Tests@52aa2946</td></tr>
<tr>
<td title='org.example.Calculator_Tests.DivideTest()'><b>DivideTest</b><br>Test class: org.example.Calculator_Tests</td>
<td></td>
<td>0</td>
<td>org.example.Calculator_Tests@52aa2946</td></tr>
<tr>
<td title='org.example.Calculator_Tests.IsPositiveIsNegativeTest()'><b>IsPositiveIsNegativeTest</b><br>Test class: org.example.Calculator_Tests</td>
<td></td>
<td>0</td>
<td>org.example.Calculator_Tests@52aa2946</td></tr>
<tr>
<td title='org.example.Calculator_Tests.MultiplicationTest()'><b>MultiplicationTest</b><br>Test class: org.example.Calculator_Tests</td>
<td></td>
<td>0</td>
<td>org.example.Calculator_Tests@52aa2946</td></tr>
<tr>
<td title='org.example.Calculator_Tests.PowerFunctionTest()'><b>PowerFunctionTest</b><br>Test class: org.example.Calculator_Tests</td>
<td></td>
<td>0</td>
<td>org.example.Calculator_Tests@52aa2946</td></tr>
<tr>
<td title='org.example.Calculator_Tests.SinThetaTest()'><b>SinThetaTest</b><br>Test class: org.example.Calculator_Tests</td>
<td></td>
<td>0</td>
<td>org.example.Calculator_Tests@52aa2946</td></tr>
<tr>
<td title='org.example.Calculator_Tests.SubtractionTest()'><b>SubtractionTest</b><br>Test class: org.example.Calculator_Tests</td>
<td></td>
<td>0</td>
<td>org.example.Calculator_Tests@52aa2946</td></tr>
</table><p>
</body>
</html>