<!DOCTYPE html PUBLIC "-//W3C//DTD XHTML 1.1//EN" "http://www.w3.org/TR/xhtml11/DTD/xhtml11.dtd">
<html xmlns="http://www.w3.org/1999/xhtml">
<head>
<meta http-equiv="content-type" content="text/html; charset=UTF-8"/>
<title>TestNG Report</title>
<style type="text/css">table {margin-bottom:10px;border-collapse:collapse;empty-cells:show}th,td {border:1px solid #009;padding:.25em .5em}th {vertical-align:bottom}td {vertical-align:top}table a {font-weight:bold}.stripe td {background-color: #E6EBF9}.num {text-align:right}.passedodd td {background-color: #3F3}.passedeven td {background-color: #0A0}.skippedodd td {background-color: #DDD}.skippedeven td {background-color: #CCC}.failedodd td,.attn {background-color: #F33}.failedeven td,.stripe .attn {background-color: #D00}.stacktrace {white-space:pre;font-family:monospace}.totop {font-size:85%;text-align:center;border-bottom:2px solid #000}.invisible {display:none}</style>
</head>
<body>
<table>
<tr><th>Test</th><th># Passed</th><th># Skipped</th><th># Retried</th><th># Failed</th><th>Time (ms)</th><th>Included Groups</th><th>Excluded Groups</th></tr>
<tr><th colspan="8">Command line suite</th></tr>
<tr><td><a href="#t0">Command line test</a></td><td class="num">12</td><td class="num">0</td><td class="num">0</td><td class="num attn">5</td><td class="num">45</td><td></td><td></td></tr>
</table>
<table id='summary'><thead><tr><th>Class</th><th>Method</th><th>Start</th><th>Time (ms)</th></tr></thead><tbody><tr><th colspan="4">Command line suite</th></tr></tbody><tbody id="t0"><tr><th colspan="4">Command line test &#8212; failed</th></tr><tr class="failedeven"><td rowspan="5">org.example.Calculator_Tests</td><td><a href="#m0">CosThetaTest</a></td><td rowspan="1">1623666728023</td><td rowspan="1">1</td></tr><tr class="failedeven"><td><a href="#m1">CotThetaTest</a></td><td rowspan="1">1623666728025</td><td rowspan="1">0</td></tr><tr class="failedeven"><td><a href="#m2">NegativeMultiplicationTest</a></td><td rowspan="1">1623666728030</td><td rowspan="1">0</td></tr><tr class="failedeven"><td><a href="#m3">NegativePowerTest</a></td><td rowspan="1">1623666728031</td><td rowspan="1">0</td></tr><tr class="failedeven"><td><a href="#m4">TanThetaTest</a></td><td rowspan="1">1623666728032</td><td rowspan="1">0</td></tr><tr><th colspan="4">Command line test &#8212; passed</th></tr><tr class="passedeven"><td rowspan="12">org.example.Calculator_Tests</td><td><a href="#m5">AdditionTest</a></td><td rowspan="1">1623666728018</td><td rowspan="1">3</td></tr><tr class="passedeven"><td><a href="#m6">DatProviderAdditionTest</a></td><td rowspan="4">1623666728029</td><td rowspan="4">0</td></tr><tr class="passedeven"><td><a href="#m7">DatProviderAdditionTest</a></td></tr><tr class="passedeven"><td><a href="#m8">DatProviderAdditionTest</a></td></tr><tr class="passedeven"><td><a href="#m9">DatProviderAdditionTest</a></td></tr><tr class="passedeven"><td><a href="#m10">DivideByZero</a></td><td rowspan="1">1623666728029</td><td rowspan="1">0</td></tr><tr class="passedeven"><td><a href="#m11">DivideTest</a></td><td rowspan="1">1623666728030</td><td rowspan="1">0</td></tr><tr class="passedeven"><td><a href="#m12">IsPositiveIsNegativeTest</a></td><td rowspan="1">1623666728030</td><td rowspan="1">0</td></tr><tr class="passedeven"><td><a href="#m13">MultiplicationTest</a></td><td rowspan="1">1623666728030</td><td rowspan="1">0</td></tr><tr class="passedeven"><td><a href="#m14">PowerFunctionTest</a></td><td rowspan="1">1623666728031</td><td rowspan="1">0</td></tr><tr class="passedeven"><td><a href="#m15">SinThetaTest</a></td><td rowspan="1">1623666728031</td><td rowspan="1">0</td></tr><tr class="passedeven"><td><a href="#m16">SubtractionTest</a></td><td rowspan="1">1623666728031</td><td rowspan="1">0</td></tr></tbody>
</table>
<h2>Command line test</h2><h3 id="m0">org.example.Calculator_Tests#CosThetaTest</h3><table class="result"><tr><th>Exception</th></tr><tr><td><div class="stacktrace">java.lang.AssertionError: expected [0.9092974268256817] but found [-0.4161468365471424]
	at org.example.Calculator_Tests.CosThetaTest(Calculator_Tests.java:77)
	at java.base/java.util.ArrayList.forEach(ArrayList.java:1541)
	at org.example.RunTestWithListener.main(RunTestWithListener.java:11)
... Removed 28 stack frames</div></td></tr></table><p class="totop"><a href="#summary">back to summary</a></p>
<h3 id="m1">org.example.Calculator_Tests#CotThetaTest</h3><table class="result"><tr><th>Exception</th></tr><tr><td><div class="stacktrace">java.lang.AssertionError: expected [0.9640275800758169] but found [-0.45765755436028577]
	at org.example.Calculator_Tests.CotThetaTest(Calculator_Tests.java:87)
	at java.base/java.util.ArrayList.forEach(ArrayList.java:1541)
	at org.example.RunTestWithListener.main(RunTestWithListener.java:11)
... Removed 28 stack frames</div></td></tr></table><p class="totop"><a href="#summary">back to summary</a></p>
<h3 id="m2">org.example.Calculator_Tests#NegativeMultiplicationTest</h3><table class="result"><tr><th>Exception</th></tr><tr><td><div class="stacktrace">java.lang.AssertionError: expected [13.0] but found [13.2]
	at org.example.Calculator_Tests.NegativeMultiplicationTest(Calculator_Tests.java:92)
	at java.base/java.util.ArrayList.forEach(ArrayList.java:1541)
	at org.example.RunTestWithListener.main(RunTestWithListener.java:11)
... Removed 28 stack frames</div></td></tr></table><p class="totop"><a href="#summary">back to summary</a></p>
<h3 id="m3">org.example.Calculator_Tests#NegativePowerTest</h3><table class="result"><tr><th>Exception</th></tr><tr><td><div class="stacktrace">java.lang.AssertionError: expected [-0.008] but found [NaN]
	at org.example.Calculator_Tests.NegativePowerTest(Calculator_Tests.java:97)
	at java.base/java.util.ArrayList.forEach(ArrayList.java:1541)
	at org.example.RunTestWithListener.main(RunTestWithListener.java:11)
... Removed 28 stack frames</div></td></tr></table><p class="totop"><a href="#summary">back to summary</a></p>
<h3 id="m4">org.example.Calculator_Tests#TanThetaTest</h3><table class="result"><tr><th>Exception</th></tr><tr><td><div class="stacktrace">java.lang.AssertionError: expected [1.0] but found [-2.185039863261519]
	at org.example.Calculator_Tests.TanThetaTest(Calculator_Tests.java:82)
	at java.base/java.util.ArrayList.forEach(ArrayList.java:1541)
	at org.example.RunTestWithListener.main(RunTestWithListener.java:11)
... Removed 28 stack frames</div></td></tr></table><p class="totop"><a href="#summary">back to summary</a></p>
<h3 id="m5">org.example.Calculator_Tests#AdditionTest</h3><table class="result"><tr><th class="invisible"/></tr></table><p class="totop"><a href="#summary">back to summary</a></p>
<h3 id="m6">org.example.Calculator_Tests#DatProviderAdditionTest</h3><table class="result"><tr class="param"><th>Parameter #1</th><th>Parameter #2</th><th>Parameter #3</th></tr><tr class="param stripe"><td>1</td><td>3</td><td>4</td></tr></table><p class="totop"><a href="#summary">back to summary</a></p>
<h3 id="m7">org.example.Calculator_Tests#DatProviderAdditionTest</h3><table class="result"><tr class="param"><th>Parameter #1</th><th>Parameter #2</th><th>Parameter #3</th></tr><tr class="param stripe"><td>9</td><td>7</td><td>16</td></tr></table><p class="totop"><a href="#summary">back to summary</a></p>
<h3 id="m8">org.example.Calculator_Tests#DatProviderAdditionTest</h3><table class="result"><tr class="param"><th>Parameter #1</th><th>Parameter #2</th><th>Parameter #3</th></tr><tr class="param stripe"><td>1</td><td>0</td><td>1</td></tr></table><p class="totop"><a href="#summary">back to summary</a></p>
<h3 id="m9">org.example.Calculator_Tests#DatProviderAdditionTest</h3><table class="result"><tr class="param"><th>Parameter #1</th><th>Parameter #2</th><th>Parameter #3</th></tr><tr class="param stripe"><td>5</td><td>4</td><td>9</td></tr></table><p class="totop"><a href="#summary">back to summary</a></p>
<h3 id="m10">org.example.Calculator_Tests#DivideByZero</h3><table class="result"><tr><th>Expected Exception</th></tr><tr><td><div class="stacktrace">java.lang.NumberFormatException: Attempt to divide by zero
	at com.epam.tat.module4.Calculator.div(Calculator.java:34)
	at org.example.Calculator_Tests.DivideByZero(Calculator_Tests.java:47)
	at java.base/java.util.ArrayList.forEach(ArrayList.java:1541)
	at org.example.RunTestWithListener.main(RunTestWithListener.java:11)
... Removed 24 stack frames</div></td></tr></table><p class="totop"><a href="#summary">back to summary</a></p>
<h3 id="m11">org.example.Calculator_Tests#DivideTest</h3><table class="result"><tr><th class="invisible"/></tr></table><p class="totop"><a href="#summary">back to summary</a></p>
<h3 id="m12">org.example.Calculator_Tests#IsPositiveIsNegativeTest</h3><table class="result"><tr><th class="invisible"/></tr></table><p class="totop"><a href="#summary">back to summary</a></p>
<h3 id="m13">org.example.Calculator_Tests#MultiplicationTest</h3><table class="result"><tr><th class="invisible"/></tr></table><p class="totop"><a href="#summary">back to summary</a></p>
<h3 id="m14">org.example.Calculator_Tests#PowerFunctionTest</h3><table class="result"><tr><th class="invisible"/></tr></table><p class="totop"><a href="#summary">back to summary</a></p>
<h3 id="m15">org.example.Calculator_Tests#SinThetaTest</h3><table class="result"><tr><th class="invisible"/></tr></table><p class="totop"><a href="#summary">back to summary</a></p>
<h3 id="m16">org.example.Calculator_Tests#SubtractionTest</h3><table class="result"><tr><th class="invisible"/></tr></table><p class="totop"><a href="#summary">back to summary</a></p>
</body>
</html>
